Warning on use of the timeseries module: If the inherent timescales of the system are long compared to those being analyzed, this statistical inefficiency may be an underestimate.  The estimate presumes the use of many statistically independent samples.  Tests should be performed to assess whether this condition is satisfied.   Be cautious in the interpretation of the data.

********* JAX NOT FOUND *********
 PyMBAR can run faster with JAX  
 But will work fine without it   
Either install with pip or conda:
      pip install pybar[jax]     
               OR                
      conda install pymbar       
*********************************
Wrote EQ samples to /Users/shuyuchen/Dropbox/ETH/Work/MiNES/data/1D/DoubleWell__k0_1p0__x0_m10p0__k1_1p0__x1_10p0__E1_10p0__kT_1p0__dt_0p0005__gamma_1p0/MINES/mines_variance_fusion_t8000/raw/seed_10101/windows/l0/eq_window.csv
Wrote EQ samples to /Users/shuyuchen/Dropbox/ETH/Work/MiNES/data/1D/DoubleWell__k0_1p0__x0_m10p0__k1_1p0__x1_10p0__E1_10p0__kT_1p0__dt_0p0005__gamma_1p0/MINES/mines_variance_fusion_t8000/raw/seed_10101/windows/r0/eq_window.csv
Wrote NEQ outputs to /Users/shuyuchen/Dropbox/ETH/Work/MiNES/data/1D/DoubleWell__k0_1p0__x0_m10p0__k1_1p0__x1_10p0__E1_10p0__kT_1p0__dt_0p0005__gamma_1p0/MINES/mines_variance_fusion_t8000/raw/seed_10101/segments/SEG_L0__R0
/Users/shuyuchen/Dropbox/ETH/Work/MiNES/src/analysis/mines_current_protocol_analysis.py:135: RuntimeWarning: Degrees of freedom <= 0 for slice.
  boot_var = np.nanvar(
/Users/shuyuchen/Dropbox/ETH/Work/MiNES/scripts/mines_variance_fusion.py:1632: RuntimeWarning: All-NaN slice encountered
  np.nanmin(np.vstack(variance_stack), axis=0)
/Users/shuyuchen/Dropbox/ETH/Work/MiNES/src/analysis/bidirectional_mts_pmf.py:622: RuntimeWarning: Mean of empty slice
  boot_mean = np.nanmean(stack, axis=0)
/Users/shuyuchen/Dropbox/ETH/Work/MiNES/src/analysis/bidirectional_mts_pmf.py:623: RuntimeWarning: Degrees of freedom <= 0 for slice.
  boot_var = np.nanvar(stack, axis=0, ddof=1 if stack.shape[0] > 1 else 0)
/Users/shuyuchen/anaconda3/envs/MiNES/lib/python3.11/site-packages/numpy/lib/_nanfunctions_impl.py:1593: RuntimeWarning: All-NaN slice encountered
  return fnb._ureduce(a,
Wrote EQ samples to /Users/shuyuchen/Dropbox/ETH/Work/MiNES/data/1D/DoubleWell__k0_1p0__x0_m10p0__k1_1p0__x1_10p0__E1_10p0__kT_1p0__dt_0p0005__gamma_1p0/MINES/mines_variance_fusion_t8000/raw/seed_10101/windows/m1/eq_window.csv
Wrote NEQ outputs to /Users/shuyuchen/Dropbox/ETH/Work/MiNES/data/1D/DoubleWell__k0_1p0__x0_m10p0__k1_1p0__x1_10p0__E1_10p0__kT_1p0__dt_0p0005__gamma_1p0/MINES/mines_variance_fusion_t8000/raw/seed_10101/segments/SEG_L0__M1
Wrote NEQ outputs to /Users/shuyuchen/Dropbox/ETH/Work/MiNES/data/1D/DoubleWell__k0_1p0__x0_m10p0__k1_1p0__x1_10p0__E1_10p0__kT_1p0__dt_0p0005__gamma_1p0/MINES/mines_variance_fusion_t8000/raw/seed_10101/segments/SEG_M1__R0
Wrote EQ samples to /Users/shuyuchen/Dropbox/ETH/Work/MiNES/data/1D/DoubleWell__k0_1p0__x0_m10p0__k1_1p0__x1_10p0__E1_10p0__kT_1p0__dt_0p0005__gamma_1p0/MINES/mines_variance_fusion_t8000/raw/seed_10101/windows/m2/eq_window.csv
/Users/shuyuchen/Dropbox/ETH/Work/MiNES/src/analysis/mines_current_protocol_analysis.py:135: RuntimeWarning: Degrees of freedom <= 0 for slice.
  boot_var = np.nanvar(
Failed to reach a solution to within tolerance with hybr: trying next method
/Users/shuyuchen/Dropbox/ETH/Work/MiNES/src/analysis/mines_current_protocol_analysis.py:135: RuntimeWarning: Degrees of freedom <= 0 for slice.
  boot_var = np.nanvar(
/Users/shuyuchen/Dropbox/ETH/Work/MiNES/scripts/mines_variance_fusion.py:1632: RuntimeWarning: All-NaN slice encountered
  np.nanmin(np.vstack(variance_stack), axis=0)
Wrote NEQ outputs to /Users/shuyuchen/Dropbox/ETH/Work/MiNES/data/1D/DoubleWell__k0_1p0__x0_m10p0__k1_1p0__x1_10p0__E1_10p0__kT_1p0__dt_0p0005__gamma_1p0/MINES/mines_variance_fusion_t8000/raw/seed_10101/segments/SEG_M1__M2
/Users/shuyuchen/Dropbox/ETH/Work/MiNES/src/analysis/bidirectional_mts_pmf.py:622: RuntimeWarning: Mean of empty slice
  boot_mean = np.nanmean(stack, axis=0)
/Users/shuyuchen/Dropbox/ETH/Work/MiNES/src/analysis/bidirectional_mts_pmf.py:623: RuntimeWarning: Degrees of freedom <= 0 for slice.
  boot_var = np.nanvar(stack, axis=0, ddof=1 if stack.shape[0] > 1 else 0)
/Users/shuyuchen/anaconda3/envs/MiNES/lib/python3.11/site-packages/numpy/lib/_nanfunctions_impl.py:1593: RuntimeWarning: All-NaN slice encountered
  return fnb._ureduce(a,
Wrote EQ samples to /Users/shuyuchen/Dropbox/ETH/Work/MiNES/data/1D/DoubleWell__k0_1p0__x0_m10p0__k1_1p0__x1_10p0__E1_10p0__kT_1p0__dt_0p0005__gamma_1p0/MINES/mines_variance_fusion_t8000/raw/seed_10101/windows/m3/eq_window.csv
Failed to reach a solution to within tolerance with hybr: trying next method
/Users/shuyuchen/Dropbox/ETH/Work/MiNES/src/analysis/mines_current_protocol_analysis.py:135: RuntimeWarning: Degrees of freedom <= 0 for slice.
  boot_var = np.nanvar(
/Users/shuyuchen/Dropbox/ETH/Work/MiNES/src/analysis/mines_current_protocol_analysis.py:135: RuntimeWarning: Degrees of freedom <= 0 for slice.
  boot_var = np.nanvar(
/Users/shuyuchen/Dropbox/ETH/Work/MiNES/src/analysis/mines_current_protocol_analysis.py:135: RuntimeWarning: Degrees of freedom <= 0 for slice.
  boot_var = np.nanvar(
/Users/shuyuchen/Dropbox/ETH/Work/MiNES/scripts/mines_variance_fusion.py:1632: RuntimeWarning: All-NaN slice encountered
  np.nanmin(np.vstack(variance_stack), axis=0)
Wrote NEQ outputs to /Users/shuyuchen/Dropbox/ETH/Work/MiNES/data/1D/DoubleWell__k0_1p0__x0_m10p0__k1_1p0__x1_10p0__E1_10p0__kT_1p0__dt_0p0005__gamma_1p0/MINES/mines_variance_fusion_t8000/raw/seed_10101/segments/SEG_M1__M3
/Users/shuyuchen/Dropbox/ETH/Work/MiNES/src/analysis/bidirectional_mts_pmf.py:622: RuntimeWarning: Mean of empty slice
  boot_mean = np.nanmean(stack, axis=0)
/Users/shuyuchen/Dropbox/ETH/Work/MiNES/src/analysis/bidirectional_mts_pmf.py:623: RuntimeWarning: Degrees of freedom <= 0 for slice.
  boot_var = np.nanvar(stack, axis=0, ddof=1 if stack.shape[0] > 1 else 0)
/Users/shuyuchen/anaconda3/envs/MiNES/lib/python3.11/site-packages/numpy/lib/_nanfunctions_impl.py:1593: RuntimeWarning: All-NaN slice encountered
  return fnb._ureduce(a,
Wrote EQ samples to /Users/shuyuchen/Dropbox/ETH/Work/MiNES/data/1D/DoubleWell__k0_1p0__x0_m10p0__k1_1p0__x1_10p0__E1_10p0__kT_1p0__dt_0p0005__gamma_1p0/MINES/mines_variance_fusion_t8000/raw/seed_10101/windows/m4/eq_window.csv
/Users/shuyuchen/Dropbox/ETH/Work/MiNES/src/analysis/mines_current_protocol_analysis.py:135: RuntimeWarning: Degrees of freedom <= 0 for slice.
  boot_var = np.nanvar(
/Users/shuyuchen/Dropbox/ETH/Work/MiNES/src/analysis/mines_current_protocol_analysis.py:135: RuntimeWarning: Degrees of freedom <= 0 for slice.
  boot_var = np.nanvar(
/Users/shuyuchen/Dropbox/ETH/Work/MiNES/src/analysis/mines_current_protocol_analysis.py:135: RuntimeWarning: Degrees of freedom <= 0 for slice.
  boot_var = np.nanvar(
/Users/shuyuchen/Dropbox/ETH/Work/MiNES/src/analysis/mines_current_protocol_analysis.py:135: RuntimeWarning: Degrees of freedom <= 0 for slice.
  boot_var = np.nanvar(
/Users/shuyuchen/Dropbox/ETH/Work/MiNES/scripts/mines_variance_fusion.py:1632: RuntimeWarning: All-NaN slice encountered
  np.nanmin(np.vstack(variance_stack), axis=0)
Wrote NEQ outputs to /Users/shuyuchen/Dropbox/ETH/Work/MiNES/data/1D/DoubleWell__k0_1p0__x0_m10p0__k1_1p0__x1_10p0__E1_10p0__kT_1p0__dt_0p0005__gamma_1p0/MINES/mines_variance_fusion_t8000/raw/seed_10101/segments/SEG_M1__M4
/Users/shuyuchen/Dropbox/ETH/Work/MiNES/src/analysis/bidirectional_mts_pmf.py:622: RuntimeWarning: Mean of empty slice
  boot_mean = np.nanmean(stack, axis=0)
/Users/shuyuchen/Dropbox/ETH/Work/MiNES/src/analysis/bidirectional_mts_pmf.py:623: RuntimeWarning: Degrees of freedom <= 0 for slice.
  boot_var = np.nanvar(stack, axis=0, ddof=1 if stack.shape[0] > 1 else 0)
/Users/shuyuchen/anaconda3/envs/MiNES/lib/python3.11/site-packages/numpy/lib/_nanfunctions_impl.py:1593: RuntimeWarning: All-NaN slice encountered
  return fnb._ureduce(a,
Wrote EQ samples to /Users/shuyuchen/Dropbox/ETH/Work/MiNES/data/1D/DoubleWell__k0_1p0__x0_m10p0__k1_1p0__x1_10p0__E1_10p0__kT_1p0__dt_0p0005__gamma_1p0/MINES/mines_variance_fusion_t8000/raw/seed_10101/windows/m5/eq_window.csv
/Users/shuyuchen/Dropbox/ETH/Work/MiNES/src/analysis/mines_current_protocol_analysis.py:135: RuntimeWarning: Degrees of freedom <= 0 for slice.
  boot_var = np.nanvar(
/Users/shuyuchen/Dropbox/ETH/Work/MiNES/src/analysis/mines_current_protocol_analysis.py:135: RuntimeWarning: Degrees of freedom <= 0 for slice.
  boot_var = np.nanvar(
/Users/shuyuchen/Dropbox/ETH/Work/MiNES/scripts/mines_variance_fusion.py:1632: RuntimeWarning: All-NaN slice encountered
  np.nanmin(np.vstack(variance_stack), axis=0)
/Users/shuyuchen/Dropbox/ETH/Work/MiNES/src/analysis/mines_current_protocol_analysis.py:135: RuntimeWarning: Degrees of freedom <= 0 for slice.
  boot_var = np.nanvar(
/Users/shuyuchen/Dropbox/ETH/Work/MiNES/src/analysis/mines_current_protocol_analysis.py:135: RuntimeWarning: Degrees of freedom <= 0 for slice.
  boot_var = np.nanvar(
/Users/shuyuchen/Dropbox/ETH/Work/MiNES/src/analysis/mines_current_protocol_analysis.py:135: RuntimeWarning: Degrees of freedom <= 0 for slice.
  boot_var = np.nanvar(
/Users/shuyuchen/Dropbox/ETH/Work/MiNES/src/analysis/mines_current_protocol_analysis.py:135: RuntimeWarning: Degrees of freedom <= 0 for slice.
  boot_var = np.nanvar(
/Users/shuyuchen/Dropbox/ETH/Work/MiNES/scripts/mines_variance_fusion.py:1632: RuntimeWarning: All-NaN slice encountered
  np.nanmin(np.vstack(variance_stack), axis=0)
Wrote EQ samples to /Users/shuyuchen/Dropbox/ETH/Work/MiNES/data/1D/DoubleWell__k0_1p0__x0_m10p0__k1_1p0__x1_10p0__E1_10p0__kT_1p0__dt_0p0005__gamma_1p0/MINES/mines_variance_fusion_t8000/raw/seed_10101/windows/m6/eq_window.csv
/Users/shuyuchen/Dropbox/ETH/Work/MiNES/src/analysis/mines_current_protocol_analysis.py:135: RuntimeWarning: Degrees of freedom <= 0 for slice.
  boot_var = np.nanvar(
/Users/shuyuchen/Dropbox/ETH/Work/MiNES/src/analysis/mines_current_protocol_analysis.py:135: RuntimeWarning: Degrees of freedom <= 0 for slice.
  boot_var = np.nanvar(
/Users/shuyuchen/Dropbox/ETH/Work/MiNES/scripts/mines_variance_fusion.py:1632: RuntimeWarning: All-NaN slice encountered
  np.nanmin(np.vstack(variance_stack), axis=0)
/Users/shuyuchen/Dropbox/ETH/Work/MiNES/src/analysis/mines_current_protocol_analysis.py:135: RuntimeWarning: Degrees of freedom <= 0 for slice.
  boot_var = np.nanvar(
/Users/shuyuchen/Dropbox/ETH/Work/MiNES/src/analysis/mines_current_protocol_analysis.py:135: RuntimeWarning: Degrees of freedom <= 0 for slice.
  boot_var = np.nanvar(
/Users/shuyuchen/Dropbox/ETH/Work/MiNES/src/analysis/mines_current_protocol_analysis.py:135: RuntimeWarning: Degrees of freedom <= 0 for slice.
  boot_var = np.nanvar(
/Users/shuyuchen/Dropbox/ETH/Work/MiNES/src/analysis/mines_current_protocol_analysis.py:135: RuntimeWarning: Degrees of freedom <= 0 for slice.
  boot_var = np.nanvar(
/Users/shuyuchen/Dropbox/ETH/Work/MiNES/src/analysis/mines_current_protocol_analysis.py:135: RuntimeWarning: Degrees of freedom <= 0 for slice.
  boot_var = np.nanvar(
/Users/shuyuchen/Dropbox/ETH/Work/MiNES/scripts/mines_variance_fusion.py:1632: RuntimeWarning: All-NaN slice encountered
  np.nanmin(np.vstack(variance_stack), axis=0)
Wrote NEQ outputs to /Users/shuyuchen/Dropbox/ETH/Work/MiNES/data/1D/DoubleWell__k0_1p0__x0_m10p0__k1_1p0__x1_10p0__E1_10p0__kT_1p0__dt_0p0005__gamma_1p0/MINES/mines_variance_fusion_t8000/raw/seed_10101/segments/SEG_M5__M6
/Users/shuyuchen/Dropbox/ETH/Work/MiNES/src/analysis/bidirectional_mts_pmf.py:622: RuntimeWarning: Mean of empty slice
  boot_mean = np.nanmean(stack, axis=0)
/Users/shuyuchen/Dropbox/ETH/Work/MiNES/src/analysis/bidirectional_mts_pmf.py:623: RuntimeWarning: Degrees of freedom <= 0 for slice.
  boot_var = np.nanvar(stack, axis=0, ddof=1 if stack.shape[0] > 1 else 0)
/Users/shuyuchen/anaconda3/envs/MiNES/lib/python3.11/site-packages/numpy/lib/_nanfunctions_impl.py:1593: RuntimeWarning: All-NaN slice encountered
  return fnb._ureduce(a,
Wrote EQ samples to /Users/shuyuchen/Dropbox/ETH/Work/MiNES/data/1D/DoubleWell__k0_1p0__x0_m10p0__k1_1p0__x1_10p0__E1_10p0__kT_1p0__dt_0p0005__gamma_1p0/MINES/mines_variance_fusion_t8000/raw/seed_10101/windows/m7/eq_window.csv
/Users/shuyuchen/Dropbox/ETH/Work/MiNES/src/analysis/mines_current_protocol_analysis.py:135: RuntimeWarning: Degrees of freedom <= 0 for slice.
  boot_var = np.nanvar(
/Users/shuyuchen/Dropbox/ETH/Work/MiNES/src/analysis/mines_current_protocol_analysis.py:135: RuntimeWarning: Degrees of freedom <= 0 for slice.
  boot_var = np.nanvar(
/Users/shuyuchen/Dropbox/ETH/Work/MiNES/src/analysis/mines_current_protocol_analysis.py:135: RuntimeWarning: Degrees of freedom <= 0 for slice.
  boot_var = np.nanvar(
/Users/shuyuchen/Dropbox/ETH/Work/MiNES/scripts/mines_variance_fusion.py:1632: RuntimeWarning: All-NaN slice encountered
  np.nanmin(np.vstack(variance_stack), axis=0)
/Users/shuyuchen/Dropbox/ETH/Work/MiNES/src/analysis/mines_current_protocol_analysis.py:135: RuntimeWarning: Degrees of freedom <= 0 for slice.
  boot_var = np.nanvar(
/Users/shuyuchen/Dropbox/ETH/Work/MiNES/src/analysis/mines_current_protocol_analysis.py:135: RuntimeWarning: Degrees of freedom <= 0 for slice.
  boot_var = np.nanvar(
/Users/shuyuchen/Dropbox/ETH/Work/MiNES/src/analysis/mines_current_protocol_analysis.py:135: RuntimeWarning: Degrees of freedom <= 0 for slice.
  boot_var = np.nanvar(
/Users/shuyuchen/Dropbox/ETH/Work/MiNES/src/analysis/mines_current_protocol_analysis.py:135: RuntimeWarning: Degrees of freedom <= 0 for slice.
  boot_var = np.nanvar(
/Users/shuyuchen/Dropbox/ETH/Work/MiNES/src/analysis/mines_current_protocol_analysis.py:135: RuntimeWarning: Degrees of freedom <= 0 for slice.
  boot_var = np.nanvar(
/Users/shuyuchen/Dropbox/ETH/Work/MiNES/scripts/mines_variance_fusion.py:1632: RuntimeWarning: All-NaN slice encountered
  np.nanmin(np.vstack(variance_stack), axis=0)
Wrote EQ samples to /Users/shuyuchen/Dropbox/ETH/Work/MiNES/data/1D/DoubleWell__k0_1p0__x0_m10p0__k1_1p0__x1_10p0__E1_10p0__kT_1p0__dt_0p0005__gamma_1p0/MINES/mines_variance_fusion_t8000/raw/seed_10101/windows/m8/eq_window.csv
/Users/shuyuchen/Dropbox/ETH/Work/MiNES/src/analysis/mines_current_protocol_analysis.py:135: RuntimeWarning: Degrees of freedom <= 0 for slice.
  boot_var = np.nanvar(
/Users/shuyuchen/Dropbox/ETH/Work/MiNES/src/analysis/mines_current_protocol_analysis.py:135: RuntimeWarning: Degrees of freedom <= 0 for slice.
  boot_var = np.nanvar(
/Users/shuyuchen/Dropbox/ETH/Work/MiNES/src/analysis/mines_current_protocol_analysis.py:135: RuntimeWarning: Degrees of freedom <= 0 for slice.
  boot_var = np.nanvar(
/Users/shuyuchen/Dropbox/ETH/Work/MiNES/src/analysis/mines_current_protocol_analysis.py:135: RuntimeWarning: Degrees of freedom <= 0 for slice.
  boot_var = np.nanvar(
/Users/shuyuchen/Dropbox/ETH/Work/MiNES/scripts/mines_variance_fusion.py:1632: RuntimeWarning: All-NaN slice encountered
  np.nanmin(np.vstack(variance_stack), axis=0)
Failed to reach a solution to within tolerance with hybr: trying next method
/Users/shuyuchen/Dropbox/ETH/Work/MiNES/src/analysis/mines_current_protocol_analysis.py:135: RuntimeWarning: Degrees of freedom <= 0 for slice.
  boot_var = np.nanvar(
/Users/shuyuchen/Dropbox/ETH/Work/MiNES/src/analysis/mines_current_protocol_analysis.py:135: RuntimeWarning: Degrees of freedom <= 0 for slice.
  boot_var = np.nanvar(
/Users/shuyuchen/Dropbox/ETH/Work/MiNES/src/analysis/mines_current_protocol_analysis.py:135: RuntimeWarning: Degrees of freedom <= 0 for slice.
  boot_var = np.nanvar(
/Users/shuyuchen/Dropbox/ETH/Work/MiNES/src/analysis/mines_current_protocol_analysis.py:135: RuntimeWarning: Degrees of freedom <= 0 for slice.
  boot_var = np.nanvar(
/Users/shuyuchen/Dropbox/ETH/Work/MiNES/src/analysis/mines_current_protocol_analysis.py:135: RuntimeWarning: Degrees of freedom <= 0 for slice.
  boot_var = np.nanvar(
/Users/shuyuchen/Dropbox/ETH/Work/MiNES/scripts/mines_variance_fusion.py:1632: RuntimeWarning: All-NaN slice encountered
  np.nanmin(np.vstack(variance_stack), axis=0)
Wrote EQ samples to /Users/shuyuchen/Dropbox/ETH/Work/MiNES/data/1D/DoubleWell__k0_1p0__x0_m10p0__k1_1p0__x1_10p0__E1_10p0__kT_1p0__dt_0p0005__gamma_1p0/MINES/mines_variance_fusion_t8000/raw/seed_10101/windows/m9/eq_window.csv
/Users/shuyuchen/Dropbox/ETH/Work/MiNES/src/analysis/mines_current_protocol_analysis.py:135: RuntimeWarning: Degrees of freedom <= 0 for slice.
  boot_var = np.nanvar(
/Users/shuyuchen/Dropbox/ETH/Work/MiNES/src/analysis/mines_current_protocol_analysis.py:135: RuntimeWarning: Degrees of freedom <= 0 for slice.
  boot_var = np.nanvar(
/Users/shuyuchen/Dropbox/ETH/Work/MiNES/src/analysis/mines_current_protocol_analysis.py:135: RuntimeWarning: Degrees of freedom <= 0 for slice.
  boot_var = np.nanvar(
/Users/shuyuchen/Dropbox/ETH/Work/MiNES/src/analysis/mines_current_protocol_analysis.py:135: RuntimeWarning: Degrees of freedom <= 0 for slice.
  boot_var = np.nanvar(
/Users/shuyuchen/Dropbox/ETH/Work/MiNES/scripts/mines_variance_fusion.py:1632: RuntimeWarning: All-NaN slice encountered
  np.nanmin(np.vstack(variance_stack), axis=0)
/Users/shuyuchen/Dropbox/ETH/Work/MiNES/src/analysis/mines_current_protocol_analysis.py:135: RuntimeWarning: Degrees of freedom <= 0 for slice.
  boot_var = np.nanvar(
Failed to reach a solution to within tolerance with hybr: trying next method
/Users/shuyuchen/Dropbox/ETH/Work/MiNES/src/analysis/mines_current_protocol_analysis.py:135: RuntimeWarning: Degrees of freedom <= 0 for slice.
  boot_var = np.nanvar(
Failed to reach a solution to within tolerance with hybr: trying next method
Failed to reach a solution to within tolerance with hybr: trying next method
Failed to reach a solution to within tolerance with hybr: trying next method
/Users/shuyuchen/Dropbox/ETH/Work/MiNES/src/analysis/mines_current_protocol_analysis.py:135: RuntimeWarning: Degrees of freedom <= 0 for slice.
  boot_var = np.nanvar(
/Users/shuyuchen/Dropbox/ETH/Work/MiNES/src/analysis/mines_current_protocol_analysis.py:135: RuntimeWarning: Degrees of freedom <= 0 for slice.
  boot_var = np.nanvar(
/Users/shuyuchen/Dropbox/ETH/Work/MiNES/src/analysis/mines_current_protocol_analysis.py:135: RuntimeWarning: Degrees of freedom <= 0 for slice.
  boot_var = np.nanvar(
Failed to reach a solution to within tolerance with hybr: trying next method
Failed to reach a solution to within tolerance with hybr: trying next method
Failed to reach a solution to within tolerance with hybr: trying next method
Failed to reach a solution to within tolerance with hybr: trying next method
/Users/shuyuchen/Dropbox/ETH/Work/MiNES/src/analysis/mines_current_protocol_analysis.py:135: RuntimeWarning: Degrees of freedom <= 0 for slice.
  boot_var = np.nanvar(
/Users/shuyuchen/Dropbox/ETH/Work/MiNES/scripts/mines_variance_fusion.py:1632: RuntimeWarning: All-NaN slice encountered
  np.nanmin(np.vstack(variance_stack), axis=0)
Wrote EQ samples to /Users/shuyuchen/Dropbox/ETH/Work/MiNES/data/1D/DoubleWell__k0_1p0__x0_m10p0__k1_1p0__x1_10p0__E1_10p0__kT_1p0__dt_0p0005__gamma_1p0/MINES/mines_variance_fusion_t8000/raw/seed_10101/windows/m10/eq_window.csv
/Users/shuyuchen/Dropbox/ETH/Work/MiNES/src/analysis/mines_current_protocol_analysis.py:135: RuntimeWarning: Degrees of freedom <= 0 for slice.
  boot_var = np.nanvar(
/Users/shuyuchen/Dropbox/ETH/Work/MiNES/src/analysis/mines_current_protocol_analysis.py:135: RuntimeWarning: Degrees of freedom <= 0 for slice.
  boot_var = np.nanvar(
/Users/shuyuchen/Dropbox/ETH/Work/MiNES/src/analysis/mines_current_protocol_analysis.py:135: RuntimeWarning: Degrees of freedom <= 0 for slice.
  boot_var = np.nanvar(
/Users/shuyuchen/Dropbox/ETH/Work/MiNES/src/analysis/mines_current_protocol_analysis.py:135: RuntimeWarning: Degrees of freedom <= 0 for slice.
  boot_var = np.nanvar(
/Users/shuyuchen/Dropbox/ETH/Work/MiNES/src/analysis/mines_current_protocol_analysis.py:135: RuntimeWarning: Degrees of freedom <= 0 for slice.
  boot_var = np.nanvar(
/Users/shuyuchen/Dropbox/ETH/Work/MiNES/scripts/mines_variance_fusion.py:1632: RuntimeWarning: All-NaN slice encountered
  np.nanmin(np.vstack(variance_stack), axis=0)
Failed to reach a solution to within tolerance with hybr: trying next method
/Users/shuyuchen/Dropbox/ETH/Work/MiNES/src/analysis/mines_current_protocol_analysis.py:135: RuntimeWarning: Degrees of freedom <= 0 for slice.
  boot_var = np.nanvar(
Failed to reach a solution to within tolerance with hybr: trying next method
Failed to reach a solution to within tolerance with hybr: trying next method
/Users/shuyuchen/Dropbox/ETH/Work/MiNES/src/analysis/mines_current_protocol_analysis.py:135: RuntimeWarning: Degrees of freedom <= 0 for slice.
  boot_var = np.nanvar(
Failed to reach a solution to within tolerance with hybr: trying next method
Failed to reach a solution to within tolerance with hybr: trying next method
/Users/shuyuchen/Dropbox/ETH/Work/MiNES/src/analysis/mines_current_protocol_analysis.py:135: RuntimeWarning: Degrees of freedom <= 0 for slice.
  boot_var = np.nanvar(
/Users/shuyuchen/Dropbox/ETH/Work/MiNES/src/analysis/mines_current_protocol_analysis.py:135: RuntimeWarning: Degrees of freedom <= 0 for slice.
  boot_var = np.nanvar(
Failed to reach a solution to within tolerance with hybr: trying next method
/Users/shuyuchen/Dropbox/ETH/Work/MiNES/src/analysis/mines_current_protocol_analysis.py:135: RuntimeWarning: Degrees of freedom <= 0 for slice.
  boot_var = np.nanvar(
/Users/shuyuchen/Dropbox/ETH/Work/MiNES/src/analysis/mines_current_protocol_analysis.py:135: RuntimeWarning: Degrees of freedom <= 0 for slice.
  boot_var = np.nanvar(
/Users/shuyuchen/Dropbox/ETH/Work/MiNES/scripts/mines_variance_fusion.py:1632: RuntimeWarning: All-NaN slice encountered
  np.nanmin(np.vstack(variance_stack), axis=0)
/Users/shuyuchen/Dropbox/ETH/Work/MiNES/data/1D/DoubleWell__k0_1p0__x0_m10p0__k1_1p0__x1_10p0__E1_10p0__kT_1p0__dt_0p0005__gamma_1p0/MINES/mines_variance_fusion_t8000/raw/seed_10101/mines_variance_fusion_summary.json
